This is pdfTeX, Version 3.14159265-2.6-1.40.18 (TeX Live 2017) (preloaded format=pdflatex 2018.2.17)  17 APR 2018 13:31
entering extended mode
 restricted \write18 enabled.
 file:line:error style messages enabled.
 %&-line parsing enabled.
**page-garde.tex
(./page-garde.tex
LaTeX2e <2017-04-15>
Babel <3.18> and hyphenation patterns for 84 language(s) loaded.

./page-garde.tex:6: LaTeX Error: Environment titlepage undefined.

See the LaTeX manual or LaTeX Companion for explanation.
Type  H <return>  for immediate help.
 ...                                              
                                                  
l.6 \begin{titlepage}
                     
? 
./page-garde.tex:6: Emergency stop.
 ...                                              
                                                  
l.6 \begin{titlepage}
                     
Your command was ignored.
Type  I <command> <return>  to replace it with another command,
or  <return>  to continue without it.

 
Here is how much of TeX's memory you used:
 9 strings out of 492982
 296 string characters out of 6132527
 54251 words of memory out of 5000000
 3674 multiletter control sequences out of 15000+600000
 3640 words of font info for 14 fonts, out of 8000000 for 9000
 1141 hyphenation exceptions out of 8191
 7i,0n,6p,68b,16s stack positions out of 5000i,500n,10000p,200000b,80000s
./page-garde.tex:6:  ==> Fatal error occurred, no output PDF file produced!
